<?xml version="1.0" encoding="UTF-8"?>
<!-- Generated by org.testng.reporters.JUnitXMLReporter -->
<testsuite ignored="0" hostname="DESKTOP-204POHP" failures="0" tests="3" name="Test" time="115.086" errors="0" timestamp="2025-04-02T22:35:47 IST">
  <testcase classname="packagename.ProjectName.Testcase1" name="login_search_wishlist_cart_logout" time="30.499"/>
  <testcase classname="packagename.ProjectName.Testcase2" name="login_search_wishlist_cart_removingfromcart_logout" time="33.98"/>
  <testcase classname="packagename.ProjectName.Testcase3" name="login_search_wishlist_cart_updating_newddress_logout" time="23.895"/>
</testsuite> <!-- Test -->
