<?xml version="1.0" encoding="UTF-8"?>
<!-- Generated by org.testng.reporters.JUnitXMLReporter -->
<testsuite ignored="0" hostname="DESKTOP-204POHP" failures="0" tests="3" name="Test" time="239.794" errors="0" timestamp="2025-03-31T21:03:35 IST">
  <testcase classname="packagename.ProjectName.Testcase1" name="login_search_wishlist_cart_logout" time="73.073"/>
  <testcase classname="packagename.ProjectName.Testcase2" name="login_search_wishlist_cart_removingfromcart_logout" time="52.148"/>
  <testcase classname="packagename.ProjectName.Testcase3" name="login_search_wishlist_cart_updating_newddress_logout" time="34.543"/>
</testsuite> <!-- Test -->
