<?xml version="1.0" encoding="UTF-8"?>
<testng-results ignored="0" total="3" passed="3" failed="0" skipped="0">
  <reporter-output>
  </reporter-output>
  <suite started-at="2025-03-31T20:59:35 IST" name="Suite" finished-at="2025-03-31T21:03:35 IST" duration-ms="239794">
    <groups>
    </groups>
    <test started-at="2025-03-31T20:59:35 IST" name="Test" finished-at="2025-03-31T21:03:35 IST" duration-ms="239794">
      <class name="packagename.ProjectName.Testcase1">
        <test-method is-config="true" signature="launch()[pri:0, instance:packagename.ProjectName.Testcase1@5c5eefef]" started-at="2025-03-31T20:59:35 IST" name="launch" finished-at="2025-03-31T20:59:56 IST" duration-ms="21272" status="PASS">
          <reporter-output>
          </reporter-output>
        </test-method> <!-- launch -->
        <test-method signature="login_search_wishlist_cart_logout()[pri:0, instance:packagename.ProjectName.Testcase1@5c5eefef]" started-at="2025-03-31T20:59:56 IST" name="login_search_wishlist_cart_logout" finished-at="2025-03-31T21:01:09 IST" duration-ms="73073" status="PASS">
          <reporter-output>
          </reporter-output>
        </test-method> <!-- login_search_wishlist_cart_logout -->
        <test-method is-config="true" signature="quit()[pri:0, instance:packagename.ProjectName.Testcase1@5c5eefef]" started-at="2025-03-31T21:01:09 IST" name="quit" finished-at="2025-03-31T21:01:15 IST" duration-ms="5921" status="PASS">
          <reporter-output>
          </reporter-output>
        </test-method> <!-- quit -->
      </class> <!-- packagename.ProjectName.Testcase1 -->
      <class name="packagename.ProjectName.Testcase2">
        <test-method is-config="true" signature="launch()[pri:0, instance:packagename.ProjectName.Testcase2@55b699ef]" started-at="2025-03-31T21:01:15 IST" name="launch" finished-at="2025-03-31T21:01:34 IST" duration-ms="18527" status="PASS">
          <reporter-output>
          </reporter-output>
        </test-method> <!-- launch -->
        <test-method signature="login_search_wishlist_cart_removingfromcart_logout()[pri:0, instance:packagename.ProjectName.Testcase2@55b699ef]" started-at="2025-03-31T21:01:34 IST" name="login_search_wishlist_cart_removingfromcart_logout" finished-at="2025-03-31T21:02:26 IST" duration-ms="52148" status="PASS">
          <reporter-output>
          </reporter-output>
        </test-method> <!-- login_search_wishlist_cart_removingfromcart_logout -->
        <test-method is-config="true" signature="quit()[pri:0, instance:packagename.ProjectName.Testcase2@55b699ef]" started-at="2025-03-31T21:02:26 IST" name="quit" finished-at="2025-03-31T21:02:31 IST" duration-ms="5223" status="PASS">
          <reporter-output>
          </reporter-output>
        </test-method> <!-- quit -->
      </class> <!-- packagename.ProjectName.Testcase2 -->
      <class name="packagename.ProjectName.Testcase3">
        <test-method is-config="true" signature="launch()[pri:0, instance:packagename.ProjectName.Testcase3@35d019a3]" started-at="2025-03-31T21:02:31 IST" name="launch" finished-at="2025-03-31T21:02:57 IST" duration-ms="25477" status="PASS">
          <reporter-output>
          </reporter-output>
        </test-method> <!-- launch -->
        <test-method signature="login_search_wishlist_cart_updating_newddress_logout()[pri:0, instance:packagename.ProjectName.Testcase3@35d019a3]" started-at="2025-03-31T21:02:57 IST" name="login_search_wishlist_cart_updating_newddress_logout" finished-at="2025-03-31T21:03:31 IST" duration-ms="34543" status="PASS">
          <reporter-output>
          </reporter-output>
        </test-method> <!-- login_search_wishlist_cart_updating_newddress_logout -->
        <test-method is-config="true" signature="quit()[pri:0, instance:packagename.ProjectName.Testcase3@35d019a3]" started-at="2025-03-31T21:03:31 IST" name="quit" finished-at="2025-03-31T21:03:35 IST" duration-ms="3557" status="PASS">
          <reporter-output>
          </reporter-output>
        </test-method> <!-- quit -->
      </class> <!-- packagename.ProjectName.Testcase3 -->
    </test> <!-- Test -->
  </suite> <!-- Suite -->
</testng-results>
