<?xml version="1.0" encoding="UTF-8"?>
<testng-results ignored="0" total="3" passed="3" failed="0" skipped="0">
  <reporter-output>
  </reporter-output>
  <suite started-at="2025-04-02T22:33:52 IST" name="Suite" finished-at="2025-04-02T22:35:47 IST" duration-ms="115086">
    <groups>
    </groups>
    <test started-at="2025-04-02T22:33:52 IST" name="Test" finished-at="2025-04-02T22:35:47 IST" duration-ms="115086">
      <class name="packagename.ProjectName.Testcase1">
        <test-method is-config="true" signature="launch()[pri:0, instance:packagename.ProjectName.Testcase1@564fabc8]" started-at="2025-04-02T22:33:52 IST" name="launch" finished-at="2025-04-02T22:33:59 IST" duration-ms="6354" status="PASS">
          <reporter-output>
          </reporter-output>
        </test-method> <!-- launch -->
        <test-method signature="login_search_wishlist_cart_logout()[pri:0, instance:packagename.ProjectName.Testcase1@564fabc8]" started-at="2025-04-02T22:33:59 IST" name="login_search_wishlist_cart_logout" finished-at="2025-04-02T22:34:29 IST" duration-ms="30499" status="PASS">
          <reporter-output>
          </reporter-output>
        </test-method> <!-- login_search_wishlist_cart_logout -->
        <test-method is-config="true" signature="quit()[pri:0, instance:packagename.ProjectName.Testcase1@564fabc8]" started-at="2025-04-02T22:34:29 IST" name="quit" finished-at="2025-04-02T22:34:32 IST" duration-ms="2749" status="PASS">
          <reporter-output>
          </reporter-output>
        </test-method> <!-- quit -->
      </class> <!-- packagename.ProjectName.Testcase1 -->
      <class name="packagename.ProjectName.Testcase2">
        <test-method is-config="true" signature="launch()[pri:0, instance:packagename.ProjectName.Testcase2@2a4fb17b]" started-at="2025-04-02T22:34:32 IST" name="launch" finished-at="2025-04-02T22:34:38 IST" duration-ms="5724" status="PASS">
          <reporter-output>
          </reporter-output>
        </test-method> <!-- launch -->
        <test-method signature="login_search_wishlist_cart_removingfromcart_logout()[pri:0, instance:packagename.ProjectName.Testcase2@2a4fb17b]" started-at="2025-04-02T22:34:38 IST" name="login_search_wishlist_cart_removingfromcart_logout" finished-at="2025-04-02T22:35:12 IST" duration-ms="33980" status="PASS">
          <reporter-output>
          </reporter-output>
        </test-method> <!-- login_search_wishlist_cart_removingfromcart_logout -->
        <test-method is-config="true" signature="quit()[pri:0, instance:packagename.ProjectName.Testcase2@2a4fb17b]" started-at="2025-04-02T22:35:12 IST" name="quit" finished-at="2025-04-02T22:35:15 IST" duration-ms="3068" status="PASS">
          <reporter-output>
          </reporter-output>
        </test-method> <!-- quit -->
      </class> <!-- packagename.ProjectName.Testcase2 -->
      <class name="packagename.ProjectName.Testcase3">
        <test-method is-config="true" signature="launch()[pri:0, instance:packagename.ProjectName.Testcase3@5c6648b0]" started-at="2025-04-02T22:35:15 IST" name="launch" finished-at="2025-04-02T22:35:20 IST" duration-ms="5552" status="PASS">
          <reporter-output>
          </reporter-output>
        </test-method> <!-- launch -->
        <test-method signature="login_search_wishlist_cart_updating_newddress_logout()[pri:0, instance:packagename.ProjectName.Testcase3@5c6648b0]" started-at="2025-04-02T22:35:20 IST" name="login_search_wishlist_cart_updating_newddress_logout" finished-at="2025-04-02T22:35:44 IST" duration-ms="23895" status="PASS">
          <reporter-output>
          </reporter-output>
        </test-method> <!-- login_search_wishlist_cart_updating_newddress_logout -->
        <test-method is-config="true" signature="quit()[pri:0, instance:packagename.ProjectName.Testcase3@5c6648b0]" started-at="2025-04-02T22:35:44 IST" name="quit" finished-at="2025-04-02T22:35:47 IST" duration-ms="3201" status="PASS">
          <reporter-output>
          </reporter-output>
        </test-method> <!-- quit -->
      </class> <!-- packagename.ProjectName.Testcase3 -->
    </test> <!-- Test -->
  </suite> <!-- Suite -->
</testng-results>
