<?xml version="1.0" encoding="UTF-8"?>
<testng-results ignored="0" total="1" passed="1" failed="0" skipped="0">
  <reporter-output>
  </reporter-output>
  <suite started-at="2025-03-29T23:01:30 IST" name="Default suite" finished-at="2025-03-29T23:02:06 IST" duration-ms="35476">
    <groups>
    </groups>
    <test started-at="2025-03-29T23:01:30 IST" name="Default test" finished-at="2025-03-29T23:02:06 IST" duration-ms="35476">
      <class name="packagename.ProjectName.Testcase3">
        <test-method is-config="true" signature="launch()[pri:0, instance:packagename.ProjectName.Testcase3@67c27493]" started-at="2025-03-29T23:01:30 IST" name="launch" finished-at="2025-03-29T23:01:44 IST" duration-ms="14335" status="PASS">
          <reporter-output>
          </reporter-output>
        </test-method> <!-- launch -->
        <test-method signature="login_search_wishlist_cart_updating_newddress_logout()[pri:0, instance:packagename.ProjectName.Testcase3@67c27493]" started-at="2025-03-29T23:01:44 IST" name="login_search_wishlist_cart_updating_newddress_logout" finished-at="2025-03-29T23:02:03 IST" duration-ms="19101" status="PASS">
          <reporter-output>
          </reporter-output>
        </test-method> <!-- login_search_wishlist_cart_updating_newddress_logout -->
        <test-method is-config="true" signature="quit()[pri:0, instance:packagename.ProjectName.Testcase3@67c27493]" started-at="2025-03-29T23:02:04 IST" name="quit" finished-at="2025-03-29T23:02:06 IST" duration-ms="2004" status="PASS">
          <reporter-output>
          </reporter-output>
        </test-method> <!-- quit -->
      </class> <!-- packagename.ProjectName.Testcase3 -->
    </test> <!-- Default test -->
  </suite> <!-- Default suite -->
</testng-results>
