<?xml version="1.0" encoding="UTF-8"?>
<testng-results ignored="0" total="1" passed="1" failed="0" skipped="0">
  <reporter-output>
  </reporter-output>
  <suite started-at="2025-04-02T22:32:53 IST" name="Default suite" finished-at="2025-04-02T22:33:34 IST" duration-ms="41721">
    <groups>
    </groups>
    <test started-at="2025-04-02T22:32:53 IST" name="Default test" finished-at="2025-04-02T22:33:34 IST" duration-ms="41721">
      <class name="packagename.ProjectName.Testcase3">
        <test-method is-config="true" signature="launch()[pri:0, instance:packagename.ProjectName.Testcase3@67c27493]" started-at="2025-04-02T22:32:53 IST" name="launch" finished-at="2025-04-02T22:32:58 IST" duration-ms="5175" status="PASS">
          <reporter-output>
          </reporter-output>
        </test-method> <!-- launch -->
        <test-method signature="login_search_wishlist_cart_updating_newddress_logout()[pri:0, instance:packagename.ProjectName.Testcase3@67c27493]" started-at="2025-04-02T22:32:58 IST" name="login_search_wishlist_cart_updating_newddress_logout" finished-at="2025-04-02T22:33:32 IST" duration-ms="33726" status="PASS">
          <reporter-output>
          </reporter-output>
        </test-method> <!-- login_search_wishlist_cart_updating_newddress_logout -->
        <test-method is-config="true" signature="quit()[pri:0, instance:packagename.ProjectName.Testcase3@67c27493]" started-at="2025-04-02T22:33:32 IST" name="quit" finished-at="2025-04-02T22:33:34 IST" duration-ms="2769" status="PASS">
          <reporter-output>
          </reporter-output>
        </test-method> <!-- quit -->
      </class> <!-- packagename.ProjectName.Testcase3 -->
    </test> <!-- Default test -->
  </suite> <!-- Default suite -->
</testng-results>
